#
# A fatal error has been detected by the Java Runtime Environment:
#
#  SIGSEGV (0xb) at pc=0x00000001088dd534, pid=13009, tid=25091
#
# JRE version: OpenJDK Runtime Environment (15.0.2+7) (build 15.0.2+7-27)
# Java VM: OpenJDK 64-Bit Server VM (15.0.2+7-27, mixed mode, tiered, compressed oops, g1 gc, bsd-amd64)
# Problematic frame:
# V  [libjvm.dylib+0x8dd534]  SignatureIterator::return_type()+0x24
#
# No core dump will be written. Core dumps have been disabled. To enable core dumping, try "ulimit -c unlimited" before starting Java again
#
# If you would like to submit a bug report, please visit:
#   https://bugreport.java.com/bugreport/crash.jsp
#

---------------  S U M M A R Y ------------

Command Line: -XX:+ShowCodeDetailsInExceptionMessages -agentlib:jdwp=transport=dt_socket,suspend=y,address=localhost:63275 -javaagent:/Users/younghoonseo/eclipse/jee-2021-032/Eclipse.app/Contents/Eclipse/configuration/org.eclipse.osgi/403/0/.cp/lib/javaagent-shaded.jar -Dfile.encoding=UTF-8 --module-path=/Users/younghoonseo/Desktop/알고리즘 마스터 서영훈/Home_Study/bin -Djdk.module.main=Home_Study Home_Study/Study_level1.Main7

Host: MacBookAir9,1 x86_64 1100 MHz, 8 cores, 16G, Darwin 20.4.0
Time: Wed Jun  2 19:51:59 2021 KST elapsed time: 3615.325145 seconds (0d 1h 0m 15s)

---------------  T H R E A D  ---------------

Current thread (0x00007faed60cc800):  JavaThread "JDWP Transport Listener: dt_socket" daemon [_thread_in_vm, id=25091, stack(0x000070000ec48000,0x000070000ed48000)] _threads_hazard_ptr=0x00007faed5d86350

Stack: [0x000070000ec48000,0x000070000ed48000],  sp=0x000070000ed45db0,  free space=1015k
Native frames: (J=compiled Java code, A=aot compiled Java code, j=interpreted, Vv=VM code, C=native code)
V  [libjvm.dylib+0x8dd534]  SignatureIterator::return_type()+0x24
V  [libjvm.dylib+0x431c0c]  GenerateOopMap::do_method(int, int, int, int)+0x7c
V  [libjvm.dylib+0x42e28f]  GenerateOopMap::interp_bb(BasicBlock*)+0xdf
V  [libjvm.dylib+0x42d9a9]  GenerateOopMap::do_interpretation()+0x89
V  [libjvm.dylib+0x432a3c]  GenerateOopMap::compute_map(Thread*)+0x21c
V  [libjvm.dylib+0x81d4cd]  OopMapForCacheEntry::compute_map(Thread*)+0x5d
V  [libjvm.dylib+0x81e2df]  OopMapCacheEntry::fill(methodHandle const&, int)+0xef
V  [libjvm.dylib+0x81f5bb]  OopMapCache::compute_one_oop_map(methodHandle const&, int, InterpreterOopMap*)+0x6b
V  [libjvm.dylib+0x7cec58]  Method::mask_for(int, InterpreterOopMap*)+0x128
V  [libjvm.dylib+0x9f203d]  interpretedVFrame::stack_data(bool) const+0x4d
V  [libjvm.dylib+0x68483b]  VM_GetOrSetLocal::doit_prologue()+0x12b
V  [libjvm.dylib+0xa0b4ad]  VMThread::execute(VM_Operation*)+0x12d
V  [libjvm.dylib+0x6682c3]  JvmtiEnv::GetLocalObject(JavaThread*, int, int, _jobject**)+0x53
V  [libjvm.dylib+0x621e3d]  jvmti_GetLocalObject(_jvmtiEnv*, _jobject*, int, int, _jobject**)+0x14d
C  [libjdwp.dylib+0x7ae0]  getValues+0x1b0
C  [libjdwp.dylib+0x10fd9]  debugLoop_run+0x219
C  [libjdwp.dylib+0x257e6]  attachThread+0x76
V  [libjvm.dylib+0x682786]  JvmtiAgentThread::call_start_function()+0x86
V  [libjvm.dylib+0x99ae92]  JavaThread::thread_main_inner()+0xb2
V  [libjvm.dylib+0x997fa1]  Thread::call_run()+0x71
V  [libjvm.dylib+0x82a037]  thread_native_entry(Thread*)+0x197
C  [libsystem_pthread.dylib+0x6954]  _pthread_start+0xe0
C  [libsystem_pthread.dylib+0x24a7]  thread_start+0xf


siginfo: si_signo: 11 (SIGSEGV), si_code: 1 (SEGV_MAPERR), si_addr: 0x0000000000000004

Register to memory mapping:

RAX=0x0 is NULL
RBX=0x000070000ed462a8 is pointing into the stack for thread: 0x00007faed60cc800
RCX=0x0000000000009b30 is an unknown value
RDX=0x000000000005a080 is an unknown value
RSP=0x000070000ed45db0 is pointing into the stack for thread: 0x00007faed60cc800
RBP=0x000070000ed45e00 is pointing into the stack for thread: 0x00007faed60cc800
RSI=0x0000000000002d04 is an unknown value
RDI=0x000070000ed45e18 is pointing into the stack for thread: 0x00007faed60cc800
R8 =0x000000000000003a is an unknown value
R9 =0x00007faed5d6c800 points into unknown readable memory: 0x0000000110a28618 | 18 86 a2 10 01 00 00 00
R10=0x0000000000000009 is an unknown value
R11=0xffffffffffffff14 is an unknown value
R12=0x000070000ed46468 is pointing into the stack for thread: 0x00007faed60cc800
R13=0x00007faed5e86120 points into unknown readable memory: 0x0000000110a28618 | 18 86 a2 10 01 00 00 00
R14=0x000070000ed45e18 is pointing into the stack for thread: 0x00007faed60cc800
R15=0x000000000000003a is an unknown value


Registers:
RAX=0x0000000000000000, RBX=0x000070000ed462a8, RCX=0x0000000000009b30, RDX=0x000000000005a080
RSP=0x000070000ed45db0, RBP=0x000070000ed45e00, RSI=0x0000000000002d04, RDI=0x000070000ed45e18
R8 =0x000000000000003a, R9 =0x00007faed5d6c800, R10=0x0000000000000009, R11=0xffffffffffffff14
R12=0x000070000ed46468, R13=0x00007faed5e86120, R14=0x000070000ed45e18, R15=0x000000000000003a
RIP=0x00000001088dd534, EFLAGS=0x0000000000010246, ERR=0x0000000000000004
  TRAPNO=0x000000000000000e

Top of Stack: (sp=0x000070000ed45db0)
0x000070000ed45db0:   0000000300000002 0000000000000000
0x000070000ed45dc0:   000000030000000a 00007faeda4000b0
0x000070000ed45dd0:   0000000000000000 000070000ed462a8
0x000070000ed45de0:   000070000ed46468 000070000ed462a8
0x000070000ed45df0:   0000000000000001 000000000000003a
0x000070000ed45e00:   000070000ed46290 0000000108431c0c
0x000070000ed45e10:   000000070fd5caf0 0000000000000000
0x000070000ed45e20:   0000000700000063 0000000000000000
0x000070000ed45e30:   000070000ed46250 0000000700000000
0x000070000ed45e40:   4fffffff4fffffff 000000070fd5c278
0x000070000ed45e50:   000000070fd5bff0 000000070fd5bf50
0x000070000ed45e60:   000000070fd5bec0 000000070fd5be38
0x000070000ed45e70:   000000070fd5bdb8 000000070fd5bd28
0x000070000ed45e80:   000000070fd5bca0 000000070fd5bbd8
0x000070000ed45e90:   000000070fd5bb48 000000070fd5bab8
0x000070000ed45ea0:   000000070fd5ba28 000000070fd5b998
0x000070000ed45eb0:   000000070fd5b908 000000070fd5b888
0x000070000ed45ec0:   000000070fd5b7c8 000000070fd5b748
0x000070000ed45ed0:   000000070fd5b748 000000070fd5b6b8
0x000070000ed45ee0:   000000070fd5b4e0 000000070fd5a468
0x000070000ed45ef0:   000000070fd5a270 000000070fd59828
0x000070000ed45f00:   000000070fd59788 000000070fd596e8
0x000070000ed45f10:   000000070fd59668 000000070fd59020
0x000070000ed45f20:   000000070fd58f98 000000070fd58f10
0x000070000ed45f30:   000000070fd58c00 000000070fd58b80
0x000070000ed45f40:   000000070fd58958 000000070fd588d8
0x000070000ed45f50:   000000070fd58718 000000070fd58698
0x000070000ed45f60:   000000070fd583e8 000000070fd46820
0x000070000ed45f70:   000000070fd1ecf8 000000070fd1ec18
0x000070000ed45f80:   000000070fd1eba8 000000070fd1eb38
0x000070000ed45f90:   000000070fd1c218 000000070fd1c0b8
0x000070000ed45fa0:   000000070fd184c8 000000070fd134d8 

Instructions: (pc=0x00000001088dd534)
0x00000001088dd434:   01 75 21 c7 45 b8 00 00 00 00 48 8b 75 d0 48 85
0x00000001088dd444:   f6 74 11 48 8d 7d b8 e8 70 f2 b6 ff 48 c7 45 d0
0x00000001088dd454:   00 00 00 00 4c 89 e8 48 83 c4 38 5b 41 5c 41 5d
0x00000001088dd464:   41 5e 41 5f 5d c3 66 0f 1f 44 00 00 80 3d 99 21
0x00000001088dd474:   2f 00 00 74 01 c3 55 48 89 e5 48 83 ec 10 c7 04
0x00000001088dd484:   24 00 00 00 00 48 8d 3d 10 21 2f 00 48 8d 35 39
0x00000001088dd494:   32 bc ff ba 68 00 00 00 b9 10 00 00 00 41 b8 54
0x00000001088dd4a4:   00 00 00 45 31 c9 e8 d1 d6 df ff 48 c7 05 56 21
0x00000001088dd4b4:   2f 00 01 00 00 00 48 83 c4 10 5d c3 55 48 89 e5
0x00000001088dd4c4:   48 8d 0d f5 28 22 00 b8 10 00 00 00 31 d2 f7 39
0x00000001088dd4d4:   89 05 4e bb 38 00 5d c3 90 90 90 90 55 48 89 e5
0x00000001088dd4e4:   48 8d 46 01 48 83 f8 01 76 11 48 39 77 10 74 17
0x00000001088dd4f4:   48 89 77 10 d1 ee 83 e6 0f eb 09 48 89 77 10 be
0x00000001088dd504:   63 00 00 00 89 77 08 5d c3 0f 1f 00 55 48 89 e5
0x00000001088dd514:   41 57 41 56 53 48 83 ec 38 49 89 fe 41 8b 46 08
0x00000001088dd524:   83 f8 63 0f 85 af 00 00 00 49 8b 06 48 89 45 b8
0x00000001088dd534:   0f b7 40 04 89 45 c8 c7 45 d4 01 00 00 00 48 b8
0x00000001088dd544:   01 00 00 00 01 00 00 00 48 89 45 c0 c7 45 cc 00
0x00000001088dd554:   00 00 00 48 8d 05 32 0a 38 00 48 8b 40 18 48 89
0x00000001088dd564:   45 d8 48 c7 45 e0 00 00 00 00 48 8d 7d b8 e8 39
0x00000001088dd574:   09 00 00 83 7d d4 03 74 21 48 8d 5d b8 66 66 66
0x00000001088dd584:   66 66 66 2e 0f 1f 84 00 00 00 00 00 48 89 df e8
0x00000001088dd594:   18 09 00 00 83 7d d4 03 75 f2 8b 45 d0 41 89 46
0x00000001088dd5a4:   08 48 8b 7d d8 e8 62 9f 06 00 4c 8b 7d e0 4d 85
0x00000001088dd5b4:   ff 74 21 41 83 3f 00 7e 1b 31 db 90 49 8b 47 18
0x00000001088dd5c4:   48 8b 3c d8 e8 43 9f 06 00 48 ff c3 49 63 07 48
0x00000001088dd5d4:   39 c3 7c e8 41 8b 46 08 48 83 c4 38 5b 41 5e 41
0x00000001088dd5e4:   5f 5d c3 66 0f 1f 84 00 00 00 00 00 55 48 89 e5
0x00000001088dd5f4:   48 89 37 0f b7 46 04 89 47 10 89 57 1c 89 57 0c
0x00000001088dd604:   89 57 08 c7 47 14 00 00 00 00 48 8d 05 7b 09 38
0x00000001088dd614:   00 48 8b 40 18 48 89 47 20 48 c7 47 28 00 00 00
0x00000001088dd624:   00 5d e9 85 08 00 00 0f 1f 44 00 00 55 48 89 e5 


Stack slot to memory mapping:
stack at sp + 0 slots: 0x0000000300000002 is an unknown value
stack at sp + 1 slots: 0x0 is NULL
stack at sp + 2 slots: 0x000000030000000a is an unknown value
stack at sp + 3 slots: 0x00007faeda4000b0 points into unknown readable memory: 0x616a00106e30ffff | ff ff 30 6e 10 00 6a 61
stack at sp + 4 slots: 0x0 is NULL
stack at sp + 5 slots: 0x000070000ed462a8 is pointing into the stack for thread: 0x00007faed60cc800
stack at sp + 6 slots: 0x000070000ed46468 is pointing into the stack for thread: 0x00007faed60cc800
stack at sp + 7 slots: 0x000070000ed462a8 is pointing into the stack for thread: 0x00007faed60cc800


---------------  P R O C E S S  ---------------

Threads class SMR info:
_java_thread_list=0x00007faed5d86350, length=13, elements={
0x00007faed7009000, 0x00007faedb00ac00, 0x00007faedb008200, 0x00007faedb00ce00,
0x00007faed6809800, 0x00007faed6808200, 0x00007faed680ae00, 0x00007faed680b400,
0x00007faed60e7200, 0x00007faed60cc800, 0x00007faed60ef800, 0x00007faeda80aa00,
0x00007faed6142a00
}

Java Threads: ( => current thread )
  0x00007faed7009000 JavaThread "main" [_thread_blocked, id=5891, stack(0x000070000dc15000,0x000070000dd15000)]
  0x00007faedb00ac00 JavaThread "Reference Handler" daemon [_thread_blocked, id=14339, stack(0x000070000e32a000,0x000070000e42a000)]
  0x00007faedb008200 JavaThread "Finalizer" daemon [_thread_blocked, id=15107, stack(0x000070000e42d000,0x000070000e52d000)]
  0x00007faedb00ce00 JavaThread "Signal Dispatcher" daemon [_thread_blocked, id=22275, stack(0x000070000e636000,0x000070000e736000)]
  0x00007faed6809800 JavaThread "Service Thread" daemon [_thread_blocked, id=23043, stack(0x000070000e739000,0x000070000e839000)]
  0x00007faed6808200 JavaThread "C2 CompilerThread0" daemon [_thread_blocked, id=41219, stack(0x000070000e83c000,0x000070000e93c000)]
  0x00007faed680ae00 JavaThread "C1 CompilerThread0" daemon [_thread_blocked, id=40707, stack(0x000070000e93f000,0x000070000ea3f000)]
  0x00007faed680b400 JavaThread "Sweeper thread" daemon [_thread_blocked, id=40195, stack(0x000070000ea42000,0x000070000eb42000)]
  0x00007faed60e7200 JavaThread "Common-Cleaner" daemon [_thread_blocked, id=39683, stack(0x000070000eb45000,0x000070000ec45000)]
=>0x00007faed60cc800 JavaThread "JDWP Transport Listener: dt_socket" daemon [_thread_in_vm, id=25091, stack(0x000070000ec48000,0x000070000ed48000)]
  0x00007faed60ef800 JavaThread "JDWP Event Helper Thread" daemon [_thread_blocked, id=25603, stack(0x000070000ed4b000,0x000070000ee4b000)]
  0x00007faeda80aa00 JavaThread "JDWP Command Reader" daemon [_thread_in_native, id=37379, stack(0x000070000ee4e000,0x000070000ef4e000)]
  0x00007faed6142a00 JavaThread "Notification Thread" daemon [_thread_blocked, id=26371, stack(0x000070000ef51000,0x000070000f051000)]

Other Threads:
  0x00007faeda506780 VMThread "VM Thread" [stack: 0x000070000e227000,0x000070000e327000] [id=17923]
  0x00007faed5d86b60 WatcherThread [stack: 0x000070000f054000,0x000070000f154000] [id=26883]
  0x00007faed5e10d30 GCTaskThread "GC Thread#0" [stack: 0x000070000dd18000,0x000070000de18000] [id=20227]
  0x00007faed5d12190 ConcurrentGCThread "G1 Main Marker" [stack: 0x000070000de1b000,0x000070000df1b000] [id=19971]
  0x00007faed5d13230 ConcurrentGCThread "G1 Conc#0" [stack: 0x000070000df1e000,0x000070000e01e000] [id=19203]
  0x00007faed5d2fe40 ConcurrentGCThread "G1 Refine#0" [stack: 0x000070000e021000,0x000070000e121000] [id=13827]
  0x00007faed5d30eb0 ConcurrentGCThread "G1 Young RemSet Sampling" [stack: 0x000070000e124000,0x000070000e224000] [id=18435]

Threads with active compile tasks:

VM state: not at safepoint (normal execution)

VM Mutex/Monitor currently owned by a thread: None

Heap address: 0x0000000700000000, size: 4096 MB, Compressed Oops mode: Zero based, Oop shift amount: 3
CDS disabled.
Compressed class space mapped at: 0x0000000800000000-0x0000000840000000, size: 1073741824
Narrow klass base: 0x0000000800000000, Narrow klass shift: 0, Narrow klass range: 0x40000000

GC Precious Log:
 CPUs: 8 total, 8 available
 Memory: 16384M
 Large Page Support: Disabled
 NUMA Support: Disabled
 Compressed Oops: Enabled (Zero based)
 Heap Region Size: 2M
 Heap Min Capacity: 8M
 Heap Initial Capacity: 256M
 Heap Max Capacity: 4G
 Pre-touch: Disabled
 Parallel Workers: 8
 Concurrent Workers: 2
 Concurrent Refinement Workers: 8
 Periodic GC: Disabled

Heap:
 garbage-first heap   total 262144K, used 6144K [0x0000000700000000, 0x0000000800000000)
  region size 2048K, 4 young (8192K), 0 survivors (0K)
 Metaspace       used 10656K, capacity 10826K, committed 11008K, reserved 1058816K
  class space    used 950K, capacity 985K, committed 1024K, reserved 1048576K

Heap Regions: E=young(eden), S=young(survivor), O=old, HS=humongous(starts), HC=humongous(continues), CS=collection set, F=free, OA=open archive, CA=closed archive, TAMS=top-at-mark-start (previous, next)
|   0|0x0000000700000000, 0x0000000700000000, 0x0000000700200000|  0%| F|  |TAMS 0x0000000700000000, 0x0000000700000000| Untracked 
|   1|0x0000000700200000, 0x0000000700200000, 0x0000000700400000|  0%| F|  |TAMS 0x0000000700200000, 0x0000000700200000| Untracked 
|   2|0x0000000700400000, 0x0000000700400000, 0x0000000700600000|  0%| F|  |TAMS 0x0000000700400000, 0x0000000700400000| Untracked 
|   3|0x0000000700600000, 0x0000000700600000, 0x0000000700800000|  0%| F|  |TAMS 0x0000000700600000, 0x0000000700600000| Untracked 
|   4|0x0000000700800000, 0x0000000700800000, 0x0000000700a00000|  0%| F|  |TAMS 0x0000000700800000, 0x0000000700800000| Untracked 
|   5|0x0000000700a00000, 0x0000000700a00000, 0x0000000700c00000|  0%| F|  |TAMS 0x0000000700a00000, 0x0000000700a00000| Untracked 
|   6|0x0000000700c00000, 0x0000000700c00000, 0x0000000700e00000|  0%| F|  |TAMS 0x0000000700c00000, 0x0000000700c00000| Untracked 
|   7|0x0000000700e00000, 0x0000000700e00000, 0x0000000701000000|  0%| F|  |TAMS 0x0000000700e00000, 0x0000000700e00000| Untracked 
|   8|0x0000000701000000, 0x0000000701000000, 0x0000000701200000|  0%| F|  |TAMS 0x0000000701000000, 0x0000000701000000| Untracked 
|   9|0x0000000701200000, 0x0000000701200000, 0x0000000701400000|  0%| F|  |TAMS 0x0000000701200000, 0x0000000701200000| Untracked 
|  10|0x0000000701400000, 0x0000000701400000, 0x0000000701600000|  0%| F|  |TAMS 0x0000000701400000, 0x0000000701400000| Untracked 
|  11|0x0000000701600000, 0x0000000701600000, 0x0000000701800000|  0%| F|  |TAMS 0x0000000701600000, 0x0000000701600000| Untracked 
|  12|0x0000000701800000, 0x0000000701800000, 0x0000000701a00000|  0%| F|  |TAMS 0x0000000701800000, 0x0000000701800000| Untracked 
|  13|0x0000000701a00000, 0x0000000701a00000, 0x0000000701c00000|  0%| F|  |TAMS 0x0000000701a00000, 0x0000000701a00000| Untracked 
|  14|0x0000000701c00000, 0x0000000701c00000, 0x0000000701e00000|  0%| F|  |TAMS 0x0000000701c00000, 0x0000000701c00000| Untracked 
|  15|0x0000000701e00000, 0x0000000701e00000, 0x0000000702000000|  0%| F|  |TAMS 0x0000000701e00000, 0x0000000701e00000| Untracked 
|  16|0x0000000702000000, 0x0000000702000000, 0x0000000702200000|  0%| F|  |TAMS 0x0000000702000000, 0x0000000702000000| Untracked 
|  17|0x0000000702200000, 0x0000000702200000, 0x0000000702400000|  0%| F|  |TAMS 0x0000000702200000, 0x0000000702200000| Untracked 
|  18|0x0000000702400000, 0x0000000702400000, 0x0000000702600000|  0%| F|  |TAMS 0x0000000702400000, 0x0000000702400000| Untracked 
|  19|0x0000000702600000, 0x0000000702600000, 0x0000000702800000|  0%| F|  |TAMS 0x0000000702600000, 0x0000000702600000| Untracked 
|  20|0x0000000702800000, 0x0000000702800000, 0x0000000702a00000|  0%| F|  |TAMS 0x0000000702800000, 0x0000000702800000| Untracked 
|  21|0x0000000702a00000, 0x0000000702a00000, 0x0000000702c00000|  0%| F|  |TAMS 0x0000000702a00000, 0x0000000702a00000| Untracked 
|  22|0x0000000702c00000, 0x0000000702c00000, 0x0000000702e00000|  0%| F|  |TAMS 0x0000000702c00000, 0x0000000702c00000| Untracked 
|  23|0x0000000702e00000, 0x0000000702e00000, 0x0000000703000000|  0%| F|  |TAMS 0x0000000702e00000, 0x0000000702e00000| Untracked 
|  24|0x0000000703000000, 0x0000000703000000, 0x0000000703200000|  0%| F|  |TAMS 0x0000000703000000, 0x0000000703000000| Untracked 
|  25|0x0000000703200000, 0x0000000703200000, 0x0000000703400000|  0%| F|  |TAMS 0x0000000703200000, 0x0000000703200000| Untracked 
|  26|0x0000000703400000, 0x0000000703400000, 0x0000000703600000|  0%| F|  |TAMS 0x0000000703400000, 0x0000000703400000| Untracked 
|  27|0x0000000703600000, 0x0000000703600000, 0x0000000703800000|  0%| F|  |TAMS 0x0000000703600000, 0x0000000703600000| Untracked 
|  28|0x0000000703800000, 0x0000000703800000, 0x0000000703a00000|  0%| F|  |TAMS 0x0000000703800000, 0x0000000703800000| Untracked 
|  29|0x0000000703a00000, 0x0000000703a00000, 0x0000000703c00000|  0%| F|  |TAMS 0x0000000703a00000, 0x0000000703a00000| Untracked 
|  30|0x0000000703c00000, 0x0000000703c00000, 0x0000000703e00000|  0%| F|  |TAMS 0x0000000703c00000, 0x0000000703c00000| Untracked 
|  31|0x0000000703e00000, 0x0000000703e00000, 0x0000000704000000|  0%| F|  |TAMS 0x0000000703e00000, 0x0000000703e00000| Untracked 
|  32|0x0000000704000000, 0x0000000704000000, 0x0000000704200000|  0%| F|  |TAMS 0x0000000704000000, 0x0000000704000000| Untracked 
|  33|0x0000000704200000, 0x0000000704200000, 0x0000000704400000|  0%| F|  |TAMS 0x0000000704200000, 0x0000000704200000| Untracked 
|  34|0x0000000704400000, 0x0000000704400000, 0x0000000704600000|  0%| F|  |TAMS 0x0000000704400000, 0x0000000704400000| Untracked 
|  35|0x0000000704600000, 0x0000000704600000, 0x0000000704800000|  0%| F|  |TAMS 0x0000000704600000, 0x0000000704600000| Untracked 
|  36|0x0000000704800000, 0x0000000704800000, 0x0000000704a00000|  0%| F|  |TAMS 0x0000000704800000, 0x0000000704800000| Untracked 
|  37|0x0000000704a00000, 0x0000000704a00000, 0x0000000704c00000|  0%| F|  |TAMS 0x0000000704a00000, 0x0000000704a00000| Untracked 
|  38|0x0000000704c00000, 0x0000000704c00000, 0x0000000704e00000|  0%| F|  |TAMS 0x0000000704c00000, 0x0000000704c00000| Untracked 
|  39|0x0000000704e00000, 0x0000000704e00000, 0x0000000705000000|  0%| F|  |TAMS 0x0000000704e00000, 0x0000000704e00000| Untracked 
|  40|0x0000000705000000, 0x0000000705000000, 0x0000000705200000|  0%| F|  |TAMS 0x0000000705000000, 0x0000000705000000| Untracked 
|  41|0x0000000705200000, 0x0000000705200000, 0x0000000705400000|  0%| F|  |TAMS 0x0000000705200000, 0x0000000705200000| Untracked 
|  42|0x0000000705400000, 0x0000000705400000, 0x0000000705600000|  0%| F|  |TAMS 0x0000000705400000, 0x0000000705400000| Untracked 
|  43|0x0000000705600000, 0x0000000705600000, 0x0000000705800000|  0%| F|  |TAMS 0x0000000705600000, 0x0000000705600000| Untracked 
|  44|0x0000000705800000, 0x0000000705800000, 0x0000000705a00000|  0%| F|  |TAMS 0x0000000705800000, 0x0000000705800000| Untracked 
|  45|0x0000000705a00000, 0x0000000705a00000, 0x0000000705c00000|  0%| F|  |TAMS 0x0000000705a00000, 0x0000000705a00000| Untracked 
|  46|0x0000000705c00000, 0x0000000705c00000, 0x0000000705e00000|  0%| F|  |TAMS 0x0000000705c00000, 0x0000000705c00000| Untracked 
|  47|0x0000000705e00000, 0x0000000705e00000, 0x0000000706000000|  0%| F|  |TAMS 0x0000000705e00000, 0x0000000705e00000| Untracked 
|  48|0x0000000706000000, 0x0000000706000000, 0x0000000706200000|  0%| F|  |TAMS 0x0000000706000000, 0x0000000706000000| Untracked 
|  49|0x0000000706200000, 0x0000000706200000, 0x0000000706400000|  0%| F|  |TAMS 0x0000000706200000, 0x0000000706200000| Untracked 
|  50|0x0000000706400000, 0x0000000706400000, 0x0000000706600000|  0%| F|  |TAMS 0x0000000706400000, 0x0000000706400000| Untracked 
|  51|0x0000000706600000, 0x0000000706600000, 0x0000000706800000|  0%| F|  |TAMS 0x0000000706600000, 0x0000000706600000| Untracked 
|  52|0x0000000706800000, 0x0000000706800000, 0x0000000706a00000|  0%| F|  |TAMS 0x0000000706800000, 0x0000000706800000| Untracked 
|  53|0x0000000706a00000, 0x0000000706a00000, 0x0000000706c00000|  0%| F|  |TAMS 0x0000000706a00000, 0x0000000706a00000| Untracked 
|  54|0x0000000706c00000, 0x0000000706c00000, 0x0000000706e00000|  0%| F|  |TAMS 0x0000000706c00000, 0x0000000706c00000| Untracked 
|  55|0x0000000706e00000, 0x0000000706e00000, 0x0000000707000000|  0%| F|  |TAMS 0x0000000706e00000, 0x0000000706e00000| Untracked 
|  56|0x0000000707000000, 0x0000000707000000, 0x0000000707200000|  0%| F|  |TAMS 0x0000000707000000, 0x0000000707000000| Untracked 
|  57|0x0000000707200000, 0x0000000707200000, 0x0000000707400000|  0%| F|  |TAMS 0x0000000707200000, 0x0000000707200000| Untracked 
|  58|0x0000000707400000, 0x0000000707400000, 0x0000000707600000|  0%| F|  |TAMS 0x0000000707400000, 0x0000000707400000| Untracked 
|  59|0x0000000707600000, 0x0000000707600000, 0x0000000707800000|  0%| F|  |TAMS 0x0000000707600000, 0x0000000707600000| Untracked 
|  60|0x0000000707800000, 0x0000000707800000, 0x0000000707a00000|  0%| F|  |TAMS 0x0000000707800000, 0x0000000707800000| Untracked 
|  61|0x0000000707a00000, 0x0000000707a00000, 0x0000000707c00000|  0%| F|  |TAMS 0x0000000707a00000, 0x0000000707a00000| Untracked 
|  62|0x0000000707c00000, 0x0000000707c00000, 0x0000000707e00000|  0%| F|  |TAMS 0x0000000707c00000, 0x0000000707c00000| Untracked 
|  63|0x0000000707e00000, 0x0000000707e00000, 0x0000000708000000|  0%| F|  |TAMS 0x0000000707e00000, 0x0000000707e00000| Untracked 
|  64|0x0000000708000000, 0x0000000708000000, 0x0000000708200000|  0%| F|  |TAMS 0x0000000708000000, 0x0000000708000000| Untracked 
|  65|0x0000000708200000, 0x0000000708200000, 0x0000000708400000|  0%| F|  |TAMS 0x0000000708200000, 0x0000000708200000| Untracked 
|  66|0x0000000708400000, 0x0000000708400000, 0x0000000708600000|  0%| F|  |TAMS 0x0000000708400000, 0x0000000708400000| Untracked 
|  67|0x0000000708600000, 0x0000000708600000, 0x0000000708800000|  0%| F|  |TAMS 0x0000000708600000, 0x0000000708600000| Untracked 
|  68|0x0000000708800000, 0x0000000708800000, 0x0000000708a00000|  0%| F|  |TAMS 0x0000000708800000, 0x0000000708800000| Untracked 
|  69|0x0000000708a00000, 0x0000000708a00000, 0x0000000708c00000|  0%| F|  |TAMS 0x0000000708a00000, 0x0000000708a00000| Untracked 
|  70|0x0000000708c00000, 0x0000000708c00000, 0x0000000708e00000|  0%| F|  |TAMS 0x0000000708c00000, 0x0000000708c00000| Untracked 
|  71|0x0000000708e00000, 0x0000000708e00000, 0x0000000709000000|  0%| F|  |TAMS 0x0000000708e00000, 0x0000000708e00000| Untracked 
|  72|0x0000000709000000, 0x0000000709000000, 0x0000000709200000|  0%| F|  |TAMS 0x0000000709000000, 0x0000000709000000| Untracked 
|  73|0x0000000709200000, 0x0000000709200000, 0x0000000709400000|  0%| F|  |TAMS 0x0000000709200000, 0x0000000709200000| Untracked 
|  74|0x0000000709400000, 0x0000000709400000, 0x0000000709600000|  0%| F|  |TAMS 0x0000000709400000, 0x0000000709400000| Untracked 
|  75|0x0000000709600000, 0x0000000709600000, 0x0000000709800000|  0%| F|  |TAMS 0x0000000709600000, 0x0000000709600000| Untracked 
|  76|0x0000000709800000, 0x0000000709800000, 0x0000000709a00000|  0%| F|  |TAMS 0x0000000709800000, 0x0000000709800000| Untracked 
|  77|0x0000000709a00000, 0x0000000709a00000, 0x0000000709c00000|  0%| F|  |TAMS 0x0000000709a00000, 0x0000000709a00000| Untracked 
|  78|0x0000000709c00000, 0x0000000709c00000, 0x0000000709e00000|  0%| F|  |TAMS 0x0000000709c00000, 0x0000000709c00000| Untracked 
|  79|0x0000000709e00000, 0x0000000709e00000, 0x000000070a000000|  0%| F|  |TAMS 0x0000000709e00000, 0x0000000709e00000| Untracked 
|  80|0x000000070a000000, 0x000000070a000000, 0x000000070a200000|  0%| F|  |TAMS 0x000000070a000000, 0x000000070a000000| Untracked 
|  81|0x000000070a200000, 0x000000070a200000, 0x000000070a400000|  0%| F|  |TAMS 0x000000070a200000, 0x000000070a200000| Untracked 
|  82|0x000000070a400000, 0x000000070a400000, 0x000000070a600000|  0%| F|  |TAMS 0x000000070a400000, 0x000000070a400000| Untracked 
|  83|0x000000070a600000, 0x000000070a600000, 0x000000070a800000|  0%| F|  |TAMS 0x000000070a600000, 0x000000070a600000| Untracked 
|  84|0x000000070a800000, 0x000000070a800000, 0x000000070aa00000|  0%| F|  |TAMS 0x000000070a800000, 0x000000070a800000| Untracked 
|  85|0x000000070aa00000, 0x000000070aa00000, 0x000000070ac00000|  0%| F|  |TAMS 0x000000070aa00000, 0x000000070aa00000| Untracked 
|  86|0x000000070ac00000, 0x000000070ac00000, 0x000000070ae00000|  0%| F|  |TAMS 0x000000070ac00000, 0x000000070ac00000| Untracked 
|  87|0x000000070ae00000, 0x000000070ae00000, 0x000000070b000000|  0%| F|  |TAMS 0x000000070ae00000, 0x000000070ae00000| Untracked 
|  88|0x000000070b000000, 0x000000070b000000, 0x000000070b200000|  0%| F|  |TAMS 0x000000070b000000, 0x000000070b000000| Untracked 
|  89|0x000000070b200000, 0x000000070b200000, 0x000000070b400000|  0%| F|  |TAMS 0x000000070b200000, 0x000000070b200000| Untracked 
|  90|0x000000070b400000, 0x000000070b400000, 0x000000070b600000|  0%| F|  |TAMS 0x000000070b400000, 0x000000070b400000| Untracked 
|  91|0x000000070b600000, 0x000000070b600000, 0x000000070b800000|  0%| F|  |TAMS 0x000000070b600000, 0x000000070b600000| Untracked 
|  92|0x000000070b800000, 0x000000070b800000, 0x000000070ba00000|  0%| F|  |TAMS 0x000000070b800000, 0x000000070b800000| Untracked 
|  93|0x000000070ba00000, 0x000000070ba00000, 0x000000070bc00000|  0%| F|  |TAMS 0x000000070ba00000, 0x000000070ba00000| Untracked 
|  94|0x000000070bc00000, 0x000000070bc00000, 0x000000070be00000|  0%| F|  |TAMS 0x000000070bc00000, 0x000000070bc00000| Untracked 
|  95|0x000000070be00000, 0x000000070be00000, 0x000000070c000000|  0%| F|  |TAMS 0x000000070be00000, 0x000000070be00000| Untracked 
|  96|0x000000070c000000, 0x000000070c000000, 0x000000070c200000|  0%| F|  |TAMS 0x000000070c000000, 0x000000070c000000| Untracked 
|  97|0x000000070c200000, 0x000000070c200000, 0x000000070c400000|  0%| F|  |TAMS 0x000000070c200000, 0x000000070c200000| Untracked 
|  98|0x000000070c400000, 0x000000070c400000, 0x000000070c600000|  0%| F|  |TAMS 0x000000070c400000, 0x000000070c400000| Untracked 
|  99|0x000000070c600000, 0x000000070c600000, 0x000000070c800000|  0%| F|  |TAMS 0x000000070c600000, 0x000000070c600000| Untracked 
| 100|0x000000070c800000, 0x000000070c800000, 0x000000070ca00000|  0%| F|  |TAMS 0x000000070c800000, 0x000000070c800000| Untracked 
| 101|0x000000070ca00000, 0x000000070ca00000, 0x000000070cc00000|  0%| F|  |TAMS 0x000000070ca00000, 0x000000070ca00000| Untracked 
| 102|0x000000070cc00000, 0x000000070cc00000, 0x000000070ce00000|  0%| F|  |TAMS 0x000000070cc00000, 0x000000070cc00000| Untracked 
| 103|0x000000070ce00000, 0x000000070ce00000, 0x000000070d000000|  0%| F|  |TAMS 0x000000070ce00000, 0x000000070ce00000| Untracked 
| 104|0x000000070d000000, 0x000000070d000000, 0x000000070d200000|  0%| F|  |TAMS 0x000000070d000000, 0x000000070d000000| Untracked 
| 105|0x000000070d200000, 0x000000070d200000, 0x000000070d400000|  0%| F|  |TAMS 0x000000070d200000, 0x000000070d200000| Untracked 
| 106|0x000000070d400000, 0x000000070d400000, 0x000000070d600000|  0%| F|  |TAMS 0x000000070d400000, 0x000000070d400000| Untracked 
| 107|0x000000070d600000, 0x000000070d600000, 0x000000070d800000|  0%| F|  |TAMS 0x000000070d600000, 0x000000070d600000| Untracked 
| 108|0x000000070d800000, 0x000000070d800000, 0x000000070da00000|  0%| F|  |TAMS 0x000000070d800000, 0x000000070d800000| Untracked 
| 109|0x000000070da00000, 0x000000070da00000, 0x000000070dc00000|  0%| F|  |TAMS 0x000000070da00000, 0x000000070da00000| Untracked 
| 110|0x000000070dc00000, 0x000000070dc00000, 0x000000070de00000|  0%| F|  |TAMS 0x000000070dc00000, 0x000000070dc00000| Untracked 
| 111|0x000000070de00000, 0x000000070de00000, 0x000000070e000000|  0%| F|  |TAMS 0x000000070de00000, 0x000000070de00000| Untracked 
| 112|0x000000070e000000, 0x000000070e000000, 0x000000070e200000|  0%| F|  |TAMS 0x000000070e000000, 0x000000070e000000| Untracked 
| 113|0x000000070e200000, 0x000000070e200000, 0x000000070e400000|  0%| F|  |TAMS 0x000000070e200000, 0x000000070e200000| Untracked 
| 114|0x000000070e400000, 0x000000070e400000, 0x000000070e600000|  0%| F|  |TAMS 0x000000070e400000, 0x000000070e400000| Untracked 
| 115|0x000000070e600000, 0x000000070e600000, 0x000000070e800000|  0%| F|  |TAMS 0x000000070e600000, 0x000000070e600000| Untracked 
| 116|0x000000070e800000, 0x000000070e800000, 0x000000070ea00000|  0%| F|  |TAMS 0x000000070e800000, 0x000000070e800000| Untracked 
| 117|0x000000070ea00000, 0x000000070ea00000, 0x000000070ec00000|  0%| F|  |TAMS 0x000000070ea00000, 0x000000070ea00000| Untracked 
| 118|0x000000070ec00000, 0x000000070ec00000, 0x000000070ee00000|  0%| F|  |TAMS 0x000000070ec00000, 0x000000070ec00000| Untracked 
| 119|0x000000070ee00000, 0x000000070ee00000, 0x000000070f000000|  0%| F|  |TAMS 0x000000070ee00000, 0x000000070ee00000| Untracked 
| 120|0x000000070f000000, 0x000000070f000000, 0x000000070f200000|  0%| F|  |TAMS 0x000000070f000000, 0x000000070f000000| Untracked 
| 121|0x000000070f200000, 0x000000070f200000, 0x000000070f400000|  0%| F|  |TAMS 0x000000070f200000, 0x000000070f200000| Untracked 
| 122|0x000000070f400000, 0x000000070f400000, 0x000000070f600000|  0%| F|  |TAMS 0x000000070f400000, 0x000000070f400000| Untracked 
| 123|0x000000070f600000, 0x000000070f600000, 0x000000070f800000|  0%| F|  |TAMS 0x000000070f600000, 0x000000070f600000| Untracked 
| 124|0x000000070f800000, 0x000000070f8e1cc0, 0x000000070fa00000| 44%| E|  |TAMS 0x000000070f800000, 0x000000070f800000| Complete 
| 125|0x000000070fa00000, 0x000000070fc00000, 0x000000070fc00000|100%| E|CS|TAMS 0x000000070fa00000, 0x000000070fa00000| Complete 
| 126|0x000000070fc00000, 0x000000070fe00000, 0x000000070fe00000|100%| E|CS|TAMS 0x000000070fc00000, 0x000000070fc00000| Complete 
| 127|0x000000070fe00000, 0x0000000710000000, 0x0000000710000000|100%| E|CS|TAMS 0x000000070fe00000, 0x000000070fe00000| Complete 

Card table byte_map: [0x000000010d16a000,0x000000010d96a000] _byte_map_base: 0x000000010996a000

Marking Bits (Prev, Next): (CMBitMap*) 0x00007faed600d010, (CMBitMap*) 0x00007faed600d050
 Prev Bits: [0x000000012049e000, 0x000000012449e000)
 Next Bits: [0x000000012449e000, 0x000000012849e000)

Polling page: 0x0000000103bb2000

Metaspace:

Usage:
  Non-class:      9.61 MB capacity,     9.48 MB ( 99%) used,   127.92 KB (  1%) free+waste,     7.00 KB ( <1%) overhead. 
      Class:    985.00 KB capacity,   950.36 KB ( 96%) used,    32.45 KB (  3%) free+waste,     2.19 KB ( <1%) overhead. 
       Both:     10.57 MB capacity,    10.41 MB ( 98%) used,   160.38 KB (  1%) free+waste,     9.19 KB ( <1%) overhead. 

Virtual space:
  Non-class space:       10.00 MB reserved,       9.75 MB ( 98%) committed 
      Class space:        1.00 GB reserved,       1.00 MB ( <1%) committed 
             Both:        1.01 GB reserved,      10.75 MB (  1%) committed 

Chunk freelists:
   Non-Class:  95.00 KB
       Class:  7.00 KB
        Both:  102.00 KB

MaxMetaspaceSize: 17179869184.00 GB
CompressedClassSpaceSize: 1.00 GB

CodeHeap 'non-profiled nmethods': size=120028Kb used=143Kb max_used=143Kb free=119884Kb
 bounds [0x0000000118f67000, 0x00000001191d7000, 0x000000012049e000]
CodeHeap 'profiled nmethods': size=120028Kb used=649Kb max_used=649Kb free=119378Kb
 bounds [0x0000000111a30000, 0x0000000111ca0000, 0x0000000118f67000]
CodeHeap 'non-nmethods': size=5704Kb used=1214Kb max_used=1228Kb free=4490Kb
 bounds [0x000000011149e000, 0x000000011170e000, 0x0000000111a30000]
 total_blobs=882 nmethods=484 adapters=312
 compilation: enabled
              stopped_count=0, restarted_count=0
 full_count=0

Compilation events (20 events):
Event: 309.708 Thread 0x00007faed680ae00  482       1       sun.instrument.TransformerManager::getSnapshotTransformerList (5 bytes)
Event: 309.708 Thread 0x00007faed680ae00 nmethod 482 0x0000000118f8a810 code [0x0000000118f8a9a0, 0x0000000118f8aa50]
Event: 339.772 Thread 0x00007faed680ae00  483       1       sun.instrument.TransformerManager$TransformerInfo::transformer (5 bytes)
Event: 339.772 Thread 0x00007faed6808200  484       4       java.lang.StringUTF16::compress (50 bytes)
Event: 339.772 Thread 0x00007faed680ae00 nmethod 483 0x0000000118f8ab10 code [0x0000000118f8aca0, 0x0000000118f8ad50]
Event: 339.781 Thread 0x00007faed6808200 

Event: 368.850 Thread 0x00007faed680ae00  485       3       org.eclipse.jdt.launching.internal.org.objectweb.asm.SymbolTable::addConstantUtf8 (20 bytes)
Event: 368.853 Thread 0x00007faed680ae00 

Event: 608.376 Thread 0x00007faed680ae00  486       3       org.eclipse.jdt.launching.internal.org.objectweb.asm.SymbolTable::addConstantUtf8 (20 bytes)
Event: 608.378 Thread 0x00007faed680ae00 

Event: 608.378 Thread 0x00007faed680ae00  487       3       org.eclipse.jdt.launching.internal.org.objectweb.asm.ByteVector::putShort (52 bytes)
Event: 608.379 Thread 0x00007faed680ae00 nmethod 487 0x0000000111ad1a10 code [0x0000000111ad1bc0, 0x0000000111ad1dc0]
Event: 727.226 Thread 0x00007faed6808200  488       4       org.eclipse.jdt.launching.internal.org.objectweb.asm.ClassReader::getItem (7 bytes)
Event: 727.228 Thread 0x00007faed6808200 

Event: 801.238 Thread 0x00007faed680ae00  490       3       org.eclipse.jdt.launching.internal.org.objectweb.asm.SymbolTable::addConstantUtf8 (20 bytes)
Event: 801.239 Thread 0x00007faed680ae00 nmethod 490 0x0000000111ad1f10 code [0x0000000111ad20e0, 0x0000000111ad2380]
Event: 801.239 Thread 0x00007faed680ae00  489       3       org.eclipse.jdt.launching.internal.org.objectweb.asm.SymbolTable::addConstantUtf8Reference (20 bytes)
Event: 801.242 Thread 0x00007faed680ae00 

Event: 874.070 Thread 0x00007faed6808200  491       4       java.lang.StringUTF16::compress (50 bytes)
Event: 874.080 Thread 0x00007faed6808200 


GC Heap History (0 events):
No events

Deoptimization events (20 events):
Event: 0.354 Thread 0x00007faed7009000 DEOPT PACKING pc=0x0000000111aa7eeb sp=0x000070000dd10a80
Event: 0.354 Thread 0x00007faed7009000 DEOPT UNPACKING pc=0x00000001114ebf2b sp=0x000070000dd0ff68 mode 0
Event: 0.355 Thread 0x00007faed7009000 DEOPT PACKING pc=0x0000000111aa7eeb sp=0x000070000dd12060
Event: 0.355 Thread 0x00007faed7009000 DEOPT UNPACKING pc=0x00000001114ebf2b sp=0x000070000dd11548 mode 0
Event: 0.356 Thread 0x00007faed7009000 DEOPT PACKING pc=0x0000000111aa7eeb sp=0x000070000dd12140
Event: 0.356 Thread 0x00007faed7009000 DEOPT UNPACKING pc=0x00000001114ebf2b sp=0x000070000dd11628 mode 0
Event: 0.359 Thread 0x00007faed7009000 DEOPT PACKING pc=0x0000000111aa7eeb sp=0x000070000dd10700
Event: 0.359 Thread 0x00007faed7009000 DEOPT UNPACKING pc=0x00000001114ebf2b sp=0x000070000dd0fbe8 mode 0
Event: 0.360 Thread 0x00007faed7009000 DEOPT PACKING pc=0x0000000111a876f5 sp=0x000070000dd10880
Event: 0.360 Thread 0x00007faed7009000 DEOPT UNPACKING pc=0x00000001114ebf2b sp=0x000070000dd0fd38 mode 0
Event: 0.360 Thread 0x00007faed7009000 DEOPT PACKING pc=0x0000000111aa7eeb sp=0x000070000dd10700
Event: 0.360 Thread 0x00007faed7009000 DEOPT UNPACKING pc=0x00000001114ebf2b sp=0x000070000dd0fbe8 mode 0
Event: 0.393 Thread 0x00007faed7009000 Uncommon trap: trap_request=0xffffff45 fr.pc=0x0000000118f716d4 relative=0x0000000000000254
Event: 0.393 Thread 0x00007faed7009000 Uncommon trap: reason=unstable_if action=reinterpret pc=0x0000000118f716d4 method=java.lang.String.hashCode()I @ 20 c2
Event: 0.393 Thread 0x00007faed7009000 DEOPT PACKING pc=0x0000000118f716d4 sp=0x000070000dd12260
Event: 0.393 Thread 0x00007faed7009000 DEOPT UNPACKING pc=0x00000001114ec125 sp=0x000070000dd12218 mode 2
Event: 0.400 Thread 0x00007faed7009000 Uncommon trap: trap_request=0xffffff45 fr.pc=0x0000000118f788c4 relative=0x0000000000000044
Event: 0.400 Thread 0x00007faed7009000 Uncommon trap: reason=unstable_if action=reinterpret pc=0x0000000118f788c4 method=java.lang.CharacterData.of(I)Ljava/lang/CharacterData; @ 4 c2
Event: 0.400 Thread 0x00007faed7009000 DEOPT PACKING pc=0x0000000118f788c4 sp=0x000070000dd13f00
Event: 0.400 Thread 0x00007faed7009000 DEOPT UNPACKING pc=0x00000001114ec125 sp=0x000070000dd13ec0 mode 2

Classes unloaded (0 events):
No events

Classes redefined (15 events):
Event: 104.066 Thread 0x00007faeda506780 redefined class name=Study_level1.Main7, count=1
Event: 135.495 Thread 0x00007faeda506780 redefined class name=Study_level1.Main7, count=2
Event: 309.709 Thread 0x00007faeda506780 redefined class name=Study_level1.Main7, count=3
Event: 339.773 Thread 0x00007faeda506780 redefined class name=Study_level1.Main7, count=4
Event: 368.851 Thread 0x00007faeda506780 redefined class name=Study_level1.Main7, count=5
Event: 440.162 Thread 0x00007faeda506780 redefined class name=Study_level1.Main7, count=6
Event: 460.411 Thread 0x00007faeda506780 redefined class name=Study_level1.Main7, count=7
Event: 548.405 Thread 0x00007faeda506780 redefined class name=Study_level1.Main7, count=8
Event: 556.516 Thread 0x00007faeda506780 redefined class name=Study_level1.Main7, count=9
Event: 608.377 Thread 0x00007faeda506780 redefined class name=Study_level1.Main7, count=10
Event: 611.398 Thread 0x00007faeda506780 redefined class name=Study_level1.Main7, count=11
Event: 727.227 Thread 0x00007faeda506780 redefined class name=Study_level1.Main7, count=12
Event: 801.239 Thread 0x00007faeda506780 redefined class name=Study_level1.Main7, count=13
Event: 874.072 Thread 0x00007faeda506780 redefined class name=Study_level1.Main7, count=14
Event: 981.215 Thread 0x00007faeda506780 redefined class name=Study_level1.Main7, count=15

Internal exceptions (4 events):
Event: 0.130 Thread 0x00007faed7009000 Exception <a 'java/lang/NoSuchMethodError'{0x000000070feaa7f0}: 'void java.lang.invoke.DirectMethodHandle$Holder.invokeVirtual(java.lang.Object, java.lang.Object)'> (0x000000070feaa7f0) 
thrown [./open/src/hotspot/share/interpreter/linkResolver.cpp, line 782]
Event: 0.239 Thread 0x00007faed7009000 Exception <a 'java/lang/NoSuchMethodError'{0x000000070fc49580}: 'void java.lang.invoke.DirectMethodHandle$Holder.invokeStatic(java.lang.Object, java.lang.Object)'> (0x000000070fc49580) 
thrown [./open/src/hotspot/share/interpreter/linkResolver.cpp, line 782]
Event: 0.239 Thread 0x00007faed7009000 Exception <a 'java/lang/NoSuchMethodError'{0x000000070fc4ce40}: 'void java.lang.invoke.DirectMethodHandle$Holder.invokeStaticInit(java.lang.Object, java.lang.Object)'> (0x000000070fc4ce40) 
thrown [./open/src/hotspot/share/interpreter/linkResolver.cpp, line 782]
Event: 0.327 Thread 0x00007faed7009000 Exception <a 'java/lang/NoSuchMethodError'{0x000000070fa2ce80}: 'java.lang.Object java.lang.invoke.DirectMethodHandle$Holder.invokeStatic(java.lang.Object)'> (0x000000070fa2ce80) 
thrown [./open/src/hotspot/share/interpreter/linkResolver.cpp, line 782]

Events (20 events):
Event: 981.219 Executing VM operation: ChangeBreakpoints
Event: 981.220 Executing VM operation: ChangeBreakpoints done
Event: 981.223 Executing VM operation: ChangeBreakpoints
Event: 981.223 Executing VM operation: ChangeBreakpoints done
Event: 981.225 Executing VM operation: ChangeBreakpoints
Event: 981.226 Executing VM operation: ChangeBreakpoints done
Event: 981.228 Executing VM operation: ChangeBreakpoints
Event: 981.228 Executing VM operation: ChangeBreakpoints done
Event: 981.231 Executing VM operation: ChangeBreakpoints
Event: 981.231 Executing VM operation: ChangeBreakpoints done
Event: 981.232 Executing VM operation: GetFrameCount
Event: 981.232 Executing VM operation: GetFrameCount done
Event: 981.232 Executing VM operation: GetStackTrace
Event: 981.232 Executing VM operation: GetStackTrace done
Event: 981.480 Executing VM operation: GetFrameCount
Event: 981.480 Executing VM operation: GetFrameCount done
Event: 3614.431 Executing VM operation: GetFrameCount
Event: 3614.432 Executing VM operation: GetFrameCount done
Event: 3614.831 Executing VM operation: GetFrameCount
Event: 3614.831 Executing VM operation: GetFrameCount done


Dynamic libraries:
0x00007fff2a5e7000 	/usr/lib/libz.1.dylib
0x0000000103b7c000 	/Users/younghoonseo/.p2/pool/plugins/org.eclipse.justj.openjdk.hotspot.jre.full.macosx.x86_64_15.0.2.v20210201-0955/jre/lib/libjli.dylib
0x00007fff34fb7000 	/System/Library/Frameworks/Cocoa.framework/Versions/A/Cocoa
0x00007fff22383000 	/System/Library/Frameworks/Security.framework/Versions/A/Security
0x00007fff331da000 	/System/Library/Frameworks/ApplicationServices.framework/Versions/A/ApplicationServices
0x00007fff2a6af000 	/usr/lib/libSystem.B.dylib
0x00007fff2a6a9000 	/usr/lib/system/libcache.dylib
0x00007fff2a665000 	/usr/lib/system/libcommonCrypto.dylib
0x00007fff2a68f000 	/usr/lib/system/libcompiler_rt.dylib
0x00007fff2a684000 	/usr/lib/system/libcopyfile.dylib
0x00007fff20284000 	/usr/lib/system/libcorecrypto.dylib
0x00007fff2034f000 	/usr/lib/system/libdispatch.dylib
0x00007fff20502000 	/usr/lib/system/libdyld.dylib
0x00007fff2a6a0000 	/usr/lib/system/libkeymgr.dylib
0x00007fff2daa5000 	/usr/lib/system/liblaunch.dylib
0x00007fff2a643000 	/usr/lib/system/libmacho.dylib
0x00007fff29e3b000 	/usr/lib/system/libquarantine.dylib
0x00007fff2a69d000 	/usr/lib/system/libremovefile.dylib
0x00007fff24d51000 	/usr/lib/system/libsystem_asl.dylib
0x00007fff20234000 	/usr/lib/system/libsystem_blocks.dylib
0x00007fff203d1000 	/usr/lib/system/libsystem_c.dylib
0x00007fff2a697000 	/usr/lib/system/libsystem_collections.dylib
0x00007fff29141000 	/usr/lib/system/libsystem_configuration.dylib
0x00007fff2842e000 	/usr/lib/system/libsystem_containermanager.dylib
0x00007fff2a3e6000 	/usr/lib/system/libsystem_coreservices.dylib
0x00007fff22938000 	/usr/lib/system/libsystem_darwin.dylib
0x00007fff2a6a1000 	/usr/lib/system/libsystem_dnssd.dylib
0x00007fff203ce000 	/usr/lib/system/libsystem_featureflags.dylib
0x00007fff20548000 	/usr/lib/system/libsystem_info.dylib
0x00007fff2a5fa000 	/usr/lib/system/libsystem_m.dylib
0x00007fff20322000 	/usr/lib/system/libsystem_malloc.dylib
0x00007fff24ce4000 	/usr/lib/system/libsystem_networkextension.dylib
0x00007fff22d57000 	/usr/lib/system/libsystem_notify.dylib
0x00007fff2ff29000 	/usr/lib/system/libsystem_product_info_filter.dylib
0x00007fff29145000 	/usr/lib/system/libsystem_sandbox.dylib
0x00007fff2a69a000 	/usr/lib/system/libsystem_secinit.dylib
0x00007fff204c6000 	/usr/lib/system/libsystem_kernel.dylib
0x00007fff2053e000 	/usr/lib/system/libsystem_platform.dylib
0x00007fff204f6000 	/usr/lib/system/libsystem_pthread.dylib
0x00007fff2642b000 	/usr/lib/system/libsystem_symptoms.dylib
0x00007fff2026c000 	/usr/lib/system/libsystem_trace.dylib
0x00007fff2a671000 	/usr/lib/system/libunwind.dylib
0x00007fff20236000 	/usr/lib/system/libxpc.dylib
0x00007fff204b0000 	/usr/lib/libc++abi.dylib
0x00007fff20394000 	/usr/lib/libobjc.A.dylib
0x00007fff2a67c000 	/usr/lib/liboah.dylib
0x00007fff2045a000 	/usr/lib/libc++.1.dylib
0x00007fff20574000 	/System/Library/Frameworks/CoreFoundation.framework/Versions/A/CoreFoundation
0x00007fff2131e000 	/System/Library/Frameworks/Foundation.framework/Versions/C/Foundation
0x00007fff22db1000 	/System/Library/Frameworks/AppKit.framework/Versions/C/AppKit
0x00007fff25c67000 	/System/Library/Frameworks/CoreData.framework/Versions/A/CoreData
0x00007fff23af9000 	/System/Library/PrivateFrameworks/UIFoundation.framework/Versions/A/UIFoundation
0x00007fff2fcbc000 	/System/Library/PrivateFrameworks/RemoteViewServices.framework/Versions/A/RemoteViewServices
0x00007fff28af4000 	/System/Library/PrivateFrameworks/XCTTargetBootstrap.framework/Versions/A/XCTTargetBootstrap
0x00007fff2b7cf000 	/usr/lib/libspindump.dylib
0x00007fff23d48000 	/System/Library/Frameworks/UniformTypeIdentifiers.framework/Versions/A/UniformTypeIdentifiers
0x00007fff272f8000 	/usr/lib/libapp_launch_measurement.dylib
0x00007fff272fb000 	/System/Library/PrivateFrameworks/CoreAutoLayout.framework/Versions/A/CoreAutoLayout
0x00007fff2845b000 	/System/Library/Frameworks/Metal.framework/Versions/A/Metal
0x00007fff29150000 	/usr/lib/liblangid.dylib
0x00007fff28af8000 	/System/Library/PrivateFrameworks/CoreSVG.framework/Versions/A/CoreSVG
0x00007fff24d80000 	/System/Library/PrivateFrameworks/SkyLight.framework/Versions/A/SkyLight
0x00007fff250e4000 	/System/Library/Frameworks/CoreGraphics.framework/Versions/A/CoreGraphics
0x00007fff301de000 	/System/Library/Frameworks/Accelerate.framework/Versions/A/Accelerate
0x00007fff2b20e000 	/System/Library/PrivateFrameworks/IconServices.framework/Versions/A/IconServices
0x00007fff2843f000 	/System/Library/Frameworks/IOSurface.framework/Versions/A/IOSurface
0x00007fff265e8000 	/usr/lib/libDiagnosticMessagesClient.dylib
0x00007fff28ae0000 	/System/Library/PrivateFrameworks/DFRFoundation.framework/Versions/A/DFRFoundation
0x00007fff226d8000 	/usr/lib/libicucore.A.dylib
0x00007fff2cd0e000 	/System/Library/Frameworks/AudioToolbox.framework/Versions/A/AudioToolbox
0x00007fff2bfa0000 	/System/Library/PrivateFrameworks/DataDetectorsCore.framework/Versions/A/DataDetectorsCore
0x00007fff24cf4000 	/usr/lib/libMobileGestalt.dylib
0x00007fff287e4000 	/System/Library/Frameworks/Carbon.framework/Versions/A/Frameworks/HIToolbox.framework/Versions/A/HIToolbox
0x00007fff26d42000 	/System/Library/Frameworks/QuartzCore.framework/Versions/A/QuartzCore
0x00007fff2fcf4000 	/System/Library/Frameworks/Carbon.framework/Versions/A/Frameworks/SpeechRecognition.framework/Versions/A/SpeechRecognition
0x00007fff27061000 	/System/Library/PrivateFrameworks/CoreUI.framework/Versions/A/CoreUI
0x00007fff21cf2000 	/System/Library/Frameworks/CoreAudio.framework/Versions/A/CoreAudio
0x00007fff266d3000 	/System/Library/Frameworks/DiskArbitration.framework/Versions/A/DiskArbitration
0x00007fff2bb9d000 	/System/Library/PrivateFrameworks/MultitouchSupport.framework/Versions/A/MultitouchSupport
0x00007fff2bf97000 	/System/Library/PrivateFrameworks/InternationalSupport.framework/Versions/A/InternationalSupport
0x00007fff24cf3000 	/usr/lib/libenergytrace.dylib
0x00007fff22ca8000 	/System/Library/Frameworks/IOKit.framework/Versions/A/IOKit
0x00007fff30027000 	/System/Library/Frameworks/CoreServices.framework/Versions/A/CoreServices
0x00007fff2728e000 	/System/Library/PrivateFrameworks/PerformanceAnalysis.framework/Versions/A/PerformanceAnalysis
0x00007fff6ba63000 	/System/Library/Frameworks/OpenGL.framework/Versions/A/OpenGL
0x00007fff2c01b000 	/System/Library/PrivateFrameworks/UserActivity.framework/Versions/A/UserActivity
0x00007fff2576e000 	/System/Library/Frameworks/ColorSync.framework/Versions/A/ColorSync
0x00007fff28d5e000 	/System/Library/Frameworks/CoreImage.framework/Versions/A/CoreImage
0x00007fff21b0d000 	/System/Library/Frameworks/CoreText.framework/Versions/A/CoreText
0x00007fff28b22000 	/System/Library/Frameworks/ImageIO.framework/Versions/A/ImageIO
0x00007fff2a6b5000 	/System/Library/PrivateFrameworks/SoftLinking.framework/Versions/A/SoftLinking
0x00007fff27343000 	/usr/lib/libxml2.2.dylib
0x00007fff2a926000 	/usr/lib/libcompression.dylib
0x00007fff2bec9000 	/System/Library/PrivateFrameworks/TextureIO.framework/Versions/A/TextureIO
0x00007fff2af4d000 	/usr/lib/libate.dylib
0x00007fff2ad33000 	/usr/lib/liblzma.5.dylib
0x00007fff21032000 	/System/Library/Frameworks/SystemConfiguration.framework/Versions/A/SystemConfiguration
0x00007fff2a6b1000 	/usr/lib/libfakelink.dylib
0x00007fff24845000 	/System/Library/Frameworks/CFNetwork.framework/Versions/A/CFNetwork
0x00007fff2a7f1000 	/usr/lib/libarchive.2.dylib
0x00007fff210b0000 	/usr/lib/libCRFSuite.dylib
0x00007fff29e62000 	/usr/lib/libbsm.0.dylib
0x00007fff241c5000 	/usr/lib/libnetwork.dylib
0x00007fff2a6b6000 	/usr/lib/libpcap.A.dylib
0x00007fff26424000 	/usr/lib/libdns_services.dylib
0x00007fff2ad4c000 	/usr/lib/libcoretls_cfhelpers.dylib
0x00007fff2a8f0000 	/usr/lib/libapple_nghttp2.dylib
0x00007fff2a649000 	/usr/lib/system/libkxld.dylib
0x00007fff2609d000 	/usr/lib/libsqlite3.dylib
0x00007fff2a3c9000 	/System/Library/PrivateFrameworks/AppleFSCompression.framework/Versions/A/AppleFSCompression
0x00007fff29e4a000 	/usr/lib/libcoretls.dylib
0x00007fff2a921000 	/usr/lib/libpam.2.dylib
0x00007fff2ae49000 	/usr/lib/libxar.1.dylib
0x00007fff2914c000 	/System/Library/PrivateFrameworks/AppleSystemInfo.framework/Versions/A/AppleSystemInfo
0x00007fff29a8c000 	/System/Library/PrivateFrameworks/IOMobileFramebuffer.framework/Versions/A/IOMobileFramebuffer
0x00007fff2a3d9000 	/usr/lib/libbz2.1.0.dylib
0x00007fff2a6ee000 	/usr/lib/libiconv.2.dylib
0x00007fff2a642000 	/usr/lib/libcharset.1.dylib
0x00007fff272ca000 	/System/Library/Frameworks/CoreServices.framework/Versions/A/Frameworks/FSEvents.framework/Versions/A/FSEvents
0x00007fff22942000 	/System/Library/Frameworks/CoreServices.framework/Versions/A/Frameworks/CarbonCore.framework/Versions/A/CarbonCore
0x00007fff26638000 	/System/Library/Frameworks/CoreServices.framework/Versions/A/Frameworks/Metadata.framework/Versions/A/Metadata
0x00007fff2a3eb000 	/System/Library/Frameworks/CoreServices.framework/Versions/A/Frameworks/OSServices.framework/Versions/A/OSServices
0x00007fff2a863000 	/System/Library/Frameworks/CoreServices.framework/Versions/A/Frameworks/SearchKit.framework/Versions/A/SearchKit
0x00007fff263af000 	/System/Library/Frameworks/CoreServices.framework/Versions/A/Frameworks/AE.framework/Versions/A/AE
0x00007fff20a12000 	/System/Library/Frameworks/CoreServices.framework/Versions/A/Frameworks/LaunchServices.framework/Versions/A/LaunchServices
0x00007fff2ace3000 	/System/Library/Frameworks/CoreServices.framework/Versions/A/Frameworks/DictionaryServices.framework/Versions/A/DictionaryServices
0x00007fff272d3000 	/System/Library/Frameworks/CoreServices.framework/Versions/A/Frameworks/SharedFileList.framework/Versions/A/SharedFileList
0x00007fff29e3e000 	/usr/lib/libCheckFix.dylib
0x00007fff24d68000 	/System/Library/PrivateFrameworks/TCC.framework/Versions/A/TCC
0x00007fff29152000 	/System/Library/PrivateFrameworks/CoreNLP.framework/Versions/A/CoreNLP
0x00007fff265eb000 	/System/Library/PrivateFrameworks/MetadataUtilities.framework/Versions/A/MetadataUtilities
0x00007fff210e5000 	/usr/lib/libmecabra.dylib
0x00007fff2a148000 	/System/Library/Frameworks/MLCompute.framework/Versions/A/MLCompute
0x00007fff29e73000 	/usr/lib/libmecab.dylib
0x00007fff29ebd000 	/usr/lib/libgermantok.dylib
0x00007fff2a8cb000 	/usr/lib/libThaiTokenizer.dylib
0x00007fff2ae84000 	/usr/lib/libChineseTokenizer.dylib
0x00007fff2a91f000 	/System/Library/Frameworks/MetalPerformanceShaders.framework/Versions/A/MetalPerformanceShaders
0x00007fff266da000 	/System/Library/Frameworks/Accelerate.framework/Versions/A/Frameworks/vImage.framework/Versions/A/vImage
0x00007fff30001000 	/System/Library/Frameworks/Accelerate.framework/Versions/A/Frameworks/vecLib.framework/Versions/A/vecLib
0x00007fff2ae8f000 	/System/Library/Frameworks/Accelerate.framework/Versions/A/Frameworks/vecLib.framework/Versions/A/libvMisc.dylib
0x00007fff298a7000 	/System/Library/Frameworks/Accelerate.framework/Versions/A/Frameworks/vecLib.framework/Versions/A/libvDSP.dylib
0x00007fff20d19000 	/System/Library/Frameworks/Accelerate.framework/Versions/A/Frameworks/vecLib.framework/Versions/A/libBLAS.dylib
0x00007fff2a945000 	/System/Library/Frameworks/Accelerate.framework/Versions/A/Frameworks/vecLib.framework/Versions/A/libLAPACK.dylib
0x00007fff29ec3000 	/System/Library/Frameworks/Accelerate.framework/Versions/A/Frameworks/vecLib.framework/Versions/A/libLinearAlgebra.dylib
0x00007fff2a908000 	/System/Library/Frameworks/Accelerate.framework/Versions/A/Frameworks/vecLib.framework/Versions/A/libSparseBLAS.dylib
0x00007fff2a93f000 	/System/Library/Frameworks/Accelerate.framework/Versions/A/Frameworks/vecLib.framework/Versions/A/libQuadrature.dylib
0x00007fff291fe000 	/System/Library/Frameworks/Accelerate.framework/Versions/A/Frameworks/vecLib.framework/Versions/A/libBNNS.dylib
0x00007fff20fc3000 	/System/Library/Frameworks/Accelerate.framework/Versions/A/Frameworks/vecLib.framework/Versions/A/libSparse.dylib
0x00007fff290da000 	/System/Library/Frameworks/MetalPerformanceShaders.framework/Versions/A/Frameworks/MPSCore.framework/Versions/A/MPSCore
0x00007fff2a338000 	/System/Library/Frameworks/MetalPerformanceShaders.framework/Versions/A/Frameworks/MPSImage.framework/Versions/A/MPSImage
0x00007fff29ed9000 	/System/Library/Frameworks/MetalPerformanceShaders.framework/Versions/A/Frameworks/MPSNeuralNetwork.framework/Versions/A/MPSNeuralNetwork
0x00007fff2a2aa000 	/System/Library/Frameworks/MetalPerformanceShaders.framework/Versions/A/Frameworks/MPSMatrix.framework/Versions/A/MPSMatrix
0x00007fff2a0f8000 	/System/Library/Frameworks/MetalPerformanceShaders.framework/Versions/A/Frameworks/MPSRayIntersector.framework/Versions/A/MPSRayIntersector
0x00007fff2a2e1000 	/System/Library/Frameworks/MetalPerformanceShaders.framework/Versions/A/Frameworks/MPSNDArray.framework/Versions/A/MPSNDArray
0x00007fff20c45000 	/System/Library/PrivateFrameworks/MetalTools.framework/Versions/A/MetalTools
0x00007fff2914a000 	/System/Library/PrivateFrameworks/AggregateDictionary.framework/Versions/A/AggregateDictionary
0x00007fff265b8000 	/System/Library/PrivateFrameworks/CoreAnalytics.framework/Versions/A/CoreAnalytics
0x00007fff2a8cd000 	/System/Library/PrivateFrameworks/AppleSauce.framework/Versions/A/AppleSauce
0x00007fff28451000 	/System/Library/PrivateFrameworks/IOAccelerator.framework/Versions/A/IOAccelerator
0x00007fff6ba57000 	/System/Library/Frameworks/OpenGL.framework/Versions/A/Libraries/libCoreFSCache.dylib
0x00007fff2167c000 	/System/Library/PrivateFrameworks/LanguageModeling.framework/Versions/A/LanguageModeling
0x00007fff29a7a000 	/System/Library/PrivateFrameworks/CoreEmoji.framework/Versions/A/CoreEmoji
0x00007fff291f7000 	/System/Library/PrivateFrameworks/LinguisticData.framework/Versions/A/LinguisticData
0x00007fff20f76000 	/System/Library/PrivateFrameworks/Lexicon.framework/Versions/A/Lexicon
0x00007fff2a7df000 	/usr/lib/libcmph.dylib
0x00007fff272aa000 	/System/Library/Frameworks/OpenDirectory.framework/Versions/A/Frameworks/CFOpenDirectory.framework/Versions/A/CFOpenDirectory
0x00007fff2729a000 	/System/Library/Frameworks/OpenDirectory.framework/Versions/A/OpenDirectory
0x00007fff2ad4e000 	/System/Library/PrivateFrameworks/APFS.framework/Versions/A/APFS
0x00007fff29da0000 	/System/Library/Frameworks/SecurityFoundation.framework/Versions/A/SecurityFoundation
0x00007fff2ae57000 	/usr/lib/libutil.dylib
0x00007fff22c6d000 	/System/Library/PrivateFrameworks/CoreServicesStore.framework/Versions/A/CoreServicesStore
0x00007fff29e36000 	/System/Library/Frameworks/ServiceManagement.framework/Versions/A/ServiceManagement
0x00007fff2ae5b000 	/usr/lib/libxslt.1.dylib
0x00007fff29e2c000 	/System/Library/PrivateFrameworks/BackgroundTaskManagement.framework/Versions/A/BackgroundTaskManagement
0x00007fff2be13000 	/System/Library/Frameworks/ImageIO.framework/Versions/A/Resources/libRadiance.dylib
0x00007fff2be1d000 	/System/Library/Frameworks/ImageIO.framework/Versions/A/Resources/libJPEG.dylib
0x00007fff2bd67000 	/System/Library/Frameworks/ImageIO.framework/Versions/A/Resources/libPng.dylib
0x00007fff2bd8e000 	/System/Library/Frameworks/ImageIO.framework/Versions/A/Resources/libTIFF.dylib
0x00007fff2be72000 	/System/Library/Frameworks/ImageIO.framework/Versions/A/Resources/libGIF.dylib
0x00007fff2bab9000 	/System/Library/Frameworks/ImageIO.framework/Versions/A/Resources/libJP2.dylib
0x00007fff2b1d6000 	/usr/lib/libexpat.1.dylib
0x00007fff2ba6f000 	/System/Library/PrivateFrameworks/AppleJPEG.framework/Versions/A/AppleJPEG
0x00007fff28687000 	/System/Library/PrivateFrameworks/FontServices.framework/libFontParser.dylib
0x00007fff26366000 	/System/Library/PrivateFrameworks/RunningBoardServices.framework/Versions/A/RunningBoardServices
0x00007fff2bb99000 	/System/Library/PrivateFrameworks/WatchdogClient.framework/Versions/A/WatchdogClient
0x00007fff21765000 	/System/Library/Frameworks/CoreDisplay.framework/Versions/A/CoreDisplay
0x00007fff2859c000 	/System/Library/Frameworks/CoreMedia.framework/Versions/A/CoreMedia
0x00007fff27426000 	/System/Library/Frameworks/CoreVideo.framework/Versions/A/CoreVideo
0x00007fff2bbd4000 	/System/Library/Frameworks/VideoToolbox.framework/Versions/A/VideoToolbox
0x00007fff262e6000 	/System/Library/PrivateFrameworks/BaseBoard.framework/Versions/A/BaseBoard
0x00007fff2b319000 	/System/Library/PrivateFrameworks/PersistentConnection.framework/Versions/A/PersistentConnection
0x00007fff26087000 	/System/Library/PrivateFrameworks/ProtocolBuffer.framework/Versions/A/ProtocolBuffer
0x00007fff262ce000 	/System/Library/PrivateFrameworks/CommonUtilities.framework/Versions/A/CommonUtilities
0x00007fff2ba32000 	/System/Library/PrivateFrameworks/Bom.framework/Versions/A/Bom
0x00007fff2be0b000 	/System/Library/PrivateFrameworks/GPUWrangler.framework/Versions/A/GPUWrangler
0x00007fff2bdee000 	/System/Library/PrivateFrameworks/IOPresentment.framework/Versions/A/IOPresentment
0x00007fff2be17000 	/System/Library/PrivateFrameworks/DSExternalDisplay.framework/Versions/A/DSExternalDisplay
0x00007fff2be77000 	/System/Library/PrivateFrameworks/CMCaptureCore.framework/Versions/A/CMCaptureCore
0x00007fff2b7b5000 	/System/Library/PrivateFrameworks/AppServerSupport.framework/Versions/A/AppServerSupport
0x00007fff2d848000 	/System/Library/PrivateFrameworks/perfdata.framework/Versions/A/perfdata
0x00007fff29d8f000 	/System/Library/PrivateFrameworks/AssertionServices.framework/Versions/A/AssertionServices
0x00007fff2189c000 	/System/Library/PrivateFrameworks/AudioToolboxCore.framework/Versions/A/AudioToolboxCore
0x00007fff2857f000 	/System/Library/PrivateFrameworks/caulk.framework/Versions/A/caulk
0x00007fff3cc3d000 	/System/Library/PrivateFrameworks/SystemPolicy.framework/Versions/A/SystemPolicy
0x00007fff2afe5000 	/usr/lib/libIOReport.dylib
0x00007fff2d084000 	/usr/lib/libSMC.dylib
0x00007fff2bd33000 	/usr/lib/libAudioToolboxUtility.dylib
0x00007fff3d598000 	/usr/lib/libmis.dylib
0x00007fff6bab3000 	/System/Library/Frameworks/OpenGL.framework/Versions/A/Libraries/libGLU.dylib
0x00007fff6ba76000 	/System/Library/Frameworks/OpenGL.framework/Versions/A/Libraries/libGFXShared.dylib
0x00007fff6bc84000 	/System/Library/Frameworks/OpenGL.framework/Versions/A/Libraries/libGL.dylib
0x00007fff6ba7f000 	/System/Library/Frameworks/OpenGL.framework/Versions/A/Libraries/libGLImage.dylib
0x00007fff6ba73000 	/System/Library/Frameworks/OpenGL.framework/Versions/A/Libraries/libCVMSPluginSupport.dylib
0x00007fff6ba5e000 	/System/Library/Frameworks/OpenGL.framework/Versions/A/Libraries/libCoreVMClient.dylib
0x00007fff6d0ce000 	/System/Library/Frameworks/OpenCL.framework/Versions/A/OpenCL
0x00007fff2b342000 	/System/Library/PrivateFrameworks/GraphVisualizer.framework/Versions/A/GraphVisualizer
0x00007fff2b351000 	/System/Library/PrivateFrameworks/FaceCore.framework/Versions/A/FaceCore
0x00007fff2b76d000 	/System/Library/PrivateFrameworks/OTSVG.framework/Versions/A/OTSVG
0x00007fff2701f000 	/System/Library/Frameworks/ApplicationServices.framework/Versions/A/Frameworks/ATS.framework/Versions/A/Resources/libFontRegistry.dylib
0x00007fff2b7bc000 	/System/Library/PrivateFrameworks/FontServices.framework/libhvf.dylib
0x00007fff2b182000 	/System/Library/PrivateFrameworks/AppleVA.framework/Versions/A/AppleVA
0x00007fff2cecc000 	/System/Library/Frameworks/ApplicationServices.framework/Versions/A/Frameworks/ATS.framework/Versions/A/ATS
0x00007fff2d1df000 	/System/Library/Frameworks/ApplicationServices.framework/Versions/A/Frameworks/ColorSyncLegacy.framework/Versions/A/ColorSyncLegacy
0x00007fff25865000 	/System/Library/Frameworks/ApplicationServices.framework/Versions/A/Frameworks/HIServices.framework/Versions/A/HIServices
0x00007fff2d1c4000 	/System/Library/Frameworks/ApplicationServices.framework/Versions/A/Frameworks/LangAnalysis.framework/Versions/A/LangAnalysis
0x00007fff2be81000 	/System/Library/Frameworks/ApplicationServices.framework/Versions/A/Frameworks/PrintCore.framework/Versions/A/PrintCore
0x00007fff2d1e7000 	/System/Library/Frameworks/ApplicationServices.framework/Versions/A/Frameworks/QD.framework/Versions/A/QD
0x00007fff2cebc000 	/System/Library/Frameworks/ApplicationServices.framework/Versions/A/Frameworks/SpeechSynthesis.framework/Versions/A/SpeechSynthesis
0x00007fff2be42000 	/System/Library/Frameworks/ApplicationServices.framework/Versions/A/Frameworks/ATSUI.framework/Versions/A/ATSUI
0x00007fff2d164000 	/usr/lib/libcups.2.dylib
0x00007fff2d1d4000 	/System/Library/PrivateFrameworks/NetAuth.framework/Versions/A/NetAuth
0x00007fff2d863000 	/System/Library/Frameworks/Kerberos.framework/Versions/A/Kerberos
0x00007fff2d873000 	/System/Library/Frameworks/GSS.framework/Versions/A/GSS
0x00007fff2cf39000 	/usr/lib/libresolv.9.dylib
0x00007fff2b7d2000 	/System/Library/PrivateFrameworks/Heimdal.framework/Versions/A/Heimdal
0x00007fff334ef000 	/System/Library/Frameworks/Kerberos.framework/Versions/A/Libraries/libHeimdalProxy.dylib
0x00007fff26433000 	/System/Library/Frameworks/Network.framework/Versions/A/Network
0x00007fff2b1ef000 	/usr/lib/libheimdal-asn1.dylib
0x00007fff2d8c4000 	/System/Library/PrivateFrameworks/CommonAuth.framework/Versions/A/CommonAuth
0x00007fff27474000 	/System/Library/PrivateFrameworks/login.framework/Versions/A/Frameworks/loginsupport.framework/Versions/A/loginsupport
0x00007fff2ce43000 	/System/Library/PrivateFrameworks/AudioSession.framework/Versions/A/AudioSession
0x00007fff2cea9000 	/usr/lib/libAudioStatistics.dylib
0x00007fff2b27b000 	/System/Library/PrivateFrameworks/MediaExperience.framework/Versions/A/MediaExperience
0x00007fff2ccdc000 	/System/Library/PrivateFrameworks/AudioSession.framework/libSessionUtility.dylib
0x00007fff2d854000 	/usr/lib/libperfcheck.dylib
0x00007fff2d1f3000 	/System/Library/PrivateFrameworks/AudioResourceArbitration.framework/Versions/A/AudioResourceArbitration
0x00007fff2b1f9000 	/System/Library/PrivateFrameworks/IconFoundation.framework/Versions/A/IconFoundation
0x00007fff2fce4000 	/System/Library/PrivateFrameworks/SpeechRecognitionCore.framework/Versions/A/SpeechRecognitionCore
0x00007fff5ce7a000 	/System/Library/CoreServices/Encodings/libKoreanConverter.dylib
0x0000000108000000 	/Users/younghoonseo/.p2/pool/plugins/org.eclipse.justj.openjdk.hotspot.jre.full.macosx.x86_64_15.0.2.v20210201-0955/jre/lib/server/libjvm.dylib
0x0000000103ba6000 	/Users/younghoonseo/.p2/pool/plugins/org.eclipse.justj.openjdk.hotspot.jre.full.macosx.x86_64_15.0.2.v20210201-0955/jre/lib/libjimage.dylib
0x0000000103bb4000 	/Users/younghoonseo/.p2/pool/plugins/org.eclipse.justj.openjdk.hotspot.jre.full.macosx.x86_64_15.0.2.v20210201-0955/jre/lib/libjdwp.dylib
0x0000000103bf8000 	/Users/younghoonseo/.p2/pool/plugins/org.eclipse.justj.openjdk.hotspot.jre.full.macosx.x86_64_15.0.2.v20210201-0955/jre/lib/libjava.dylib
0x0000000103c23000 	/Users/younghoonseo/.p2/pool/plugins/org.eclipse.justj.openjdk.hotspot.jre.full.macosx.x86_64_15.0.2.v20210201-0955/jre/lib/libinstrument.dylib
0x0000000103ee2000 	/Users/younghoonseo/.p2/pool/plugins/org.eclipse.justj.openjdk.hotspot.jre.full.macosx.x86_64_15.0.2.v20210201-0955/jre/lib/libzip.dylib
0x0000000103f01000 	/Users/younghoonseo/.p2/pool/plugins/org.eclipse.justj.openjdk.hotspot.jre.full.macosx.x86_64_15.0.2.v20210201-0955/jre/lib/libnio.dylib
0x0000000103f15000 	/Users/younghoonseo/.p2/pool/plugins/org.eclipse.justj.openjdk.hotspot.jre.full.macosx.x86_64_15.0.2.v20210201-0955/jre/lib/libnet.dylib
0x0000000103f2e000 	/Users/younghoonseo/.p2/pool/plugins/org.eclipse.justj.openjdk.hotspot.jre.full.macosx.x86_64_15.0.2.v20210201-0955/jre/lib/libdt_socket.dylib
0x0000000103f3a000 	/Users/younghoonseo/.p2/pool/plugins/org.eclipse.justj.openjdk.hotspot.jre.full.macosx.x86_64_15.0.2.v20210201-0955/jre/lib/libverify.dylib


VM Arguments:
jvm_args: -XX:+ShowCodeDetailsInExceptionMessages -agentlib:jdwp=transport=dt_socket,suspend=y,address=localhost:63275 -javaagent:/Users/younghoonseo/eclipse/jee-2021-032/Eclipse.app/Contents/Eclipse/configuration/org.eclipse.osgi/403/0/.cp/lib/javaagent-shaded.jar -Dfile.encoding=UTF-8 --module-path=/Users/younghoonseo/Desktop/알고리즘 마스터 서영훈/Home_Study/bin -Djdk.module.main=Home_Study 
java_command: Home_Study/Study_level1.Main7
java_class_path (initial): <not set>
Launcher Type: SUN_STANDARD

[Global flags]
     intx CICompilerCount                          = 4                                         {product} {ergonomic}
     uint ConcGCThreads                            = 2                                         {product} {ergonomic}
     uint G1ConcRefinementThreads                  = 8                                         {product} {ergonomic}
   size_t G1HeapRegionSize                         = 2097152                                   {product} {ergonomic}
    uintx GCDrainStackTargetSize                   = 64                                        {product} {ergonomic}
   size_t InitialHeapSize                          = 268435456                                 {product} {ergonomic}
   size_t MarkStackSize                            = 4194304                                   {product} {ergonomic}
   size_t MaxHeapSize                              = 4294967296                                {product} {ergonomic}
   size_t MaxNewSize                               = 2575302656                                {product} {ergonomic}
   size_t MinHeapDeltaBytes                        = 2097152                                   {product} {ergonomic}
   size_t MinHeapSize                              = 8388608                                   {product} {ergonomic}
    uintx NonNMethodCodeHeapSize                   = 5839372                                {pd product} {ergonomic}
    uintx NonProfiledCodeHeapSize                  = 122909434                              {pd product} {ergonomic}
    uintx ProfiledCodeHeapSize                     = 122909434                              {pd product} {ergonomic}
    uintx ReservedCodeCacheSize                    = 251658240                              {pd product} {ergonomic}
     bool SegmentedCodeCache                       = true                                      {product} {ergonomic}
     bool ShowCodeDetailsInExceptionMessages       = true                                   {manageable} {command line}
   size_t SoftMaxHeapSize                          = 4294967296                             {manageable} {ergonomic}
     bool UseCompressedClassPointers               = true                                 {lp64_product} {ergonomic}
     bool UseCompressedOops                        = true                                 {lp64_product} {ergonomic}
     bool UseG1GC                                  = true                                      {product} {ergonomic}
     bool UseNUMA                                  = false                                     {product} {ergonomic}
     bool UseNUMAInterleaving                      = false                                     {product} {ergonomic}

Logging:
Log output configuration:
 #0: stdout all=warning uptime,level,tags
 #1: stderr all=off uptime,level,tags

Environment Variables:
PATH=/usr/bin:/bin:/usr/sbin:/sbin
SHELL=/bin/zsh

Signal Handlers:
SIGSEGV: [libjvm.dylib+0xa01020], sa_mask[0]=11111111011111110111111111111111, sa_flags=SA_ONSTACK|SA_RESTART|SA_SIGINFO
SIGBUS: [libjvm.dylib+0xa01020], sa_mask[0]=11111111011111110111111111111111, sa_flags=SA_RESTART|SA_SIGINFO
SIGFPE: [libjvm.dylib+0xa01020], sa_mask[0]=11111111011111110111111111111111, sa_flags=SA_RESTART|SA_SIGINFO
SIGPIPE: [libjvm.dylib+0x82c500], sa_mask[0]=11111111011111110111111111111111, sa_flags=SA_RESTART|SA_SIGINFO
SIGXFSZ: [libjvm.dylib+0x82c500], sa_mask[0]=11111111011111110111111111111111, sa_flags=SA_RESTART|SA_SIGINFO
SIGILL: [libjvm.dylib+0xa01020], sa_mask[0]=11111111011111110111111111111111, sa_flags=SA_RESTART|SA_SIGINFO
SIGUSR2: [libjvm.dylib+0x82d010], sa_mask[0]=00100000000000000000000000000000, sa_flags=SA_RESTART|SA_SIGINFO
SIGHUP: [libjvm.dylib+0x82b710], sa_mask[0]=11111111011111110111111111111111, sa_flags=SA_RESTART|SA_SIGINFO
SIGINT: [libjvm.dylib+0x82b710], sa_mask[0]=11111111011111110111111111111111, sa_flags=SA_RESTART|SA_SIGINFO
SIGTERM: [libjvm.dylib+0x82b710], sa_mask[0]=11111111011111110111111111111111, sa_flags=SA_RESTART|SA_SIGINFO
SIGQUIT: [libjvm.dylib+0x82b710], sa_mask[0]=11111111011111110111111111111111, sa_flags=SA_RESTART|SA_SIGINFO


---------------  S Y S T E M  ---------------

OS:uname: Darwin 20.4.0 Darwin Kernel Version 20.4.0: Thu Apr 22 21:46:47 PDT 2021; root:xnu-7195.101.2~1/RELEASE_X86_64 x86_64
OS uptime: 11 days 2:17 hours
rlimit (soft/hard): STACK 8192k/65532k , CORE 0k/infinity , NPROC 2784/4176 , NOFILE 10240/infinity , AS infinity/infinity , CPU infinity/infinity , DATA infinity/infinity , FSIZE infinity/infinity , MEMLOCK infinity/infinity , RSS infinity/infinity
load average: 4.62 3.71 3.41

CPU: total 8 (initial active 8) (4 cores per cpu, 2 threads per core) family 6 model 126 stepping 5 microcode 0xa0, cmov, cx8, fxsr, mmx, sse, sse2, sse3, ssse3, sse4.1, sse4.2, popcnt, vzeroupper, avx, avx2, aes, clmul, erms, 3dnowpref, lzcnt, ht, tsc, tscinvbit, bmi1, bmi2, adx, sha, fma, clflush, clflushopt

Memory: 4k page, physical 16777216k(310556k free), swap 1048576k(921856k free)

vm_info: OpenJDK 64-Bit Server VM (15.0.2+7-27) for bsd-amd64 JRE (15.0.2+7-27), built on Dec  7 2020 20:01:12 by "mach5one" with clang 4.2.1 Compatible Apple LLVM 10.0.0 (clang-1000.11.45.5)

END.
